SonarCloud plugins:
  - SonarCSS 1.2.1.1602 (cssfamily)
  - PL/SQL Code Quality and Security 3.6.0.3724 (plsql)
  - Scala Code Quality and Security 1.8.2.1946 (sonarscala)
  - C# Code Quality and Security 8.20.0.28934 (csharp)
  - Vulnerability Analysis 8.9.0-M1.10592 (security)
  - Java Code Quality and Security 6.14.0.25463 (java)
  - HTML Code Quality and Security 3.3.0.2534 (web)
  - Flex Code Quality and Security 2.6.0.2294 (flex)
  - XML Code Quality and Security 2.1.0.2861 (xml)
  - VB.NET Code Quality and Security 8.20.0.28934 (vbnet)
  - Swift Code Quality and Security 4.3.0.4687 (swift)
  - CFamily Code Quality and Security 6.18.0.29274 (cpp)
  - Python Code Quality and Security 3.4.0.7980 (python)
  - Go Code Quality and Security 1.8.2.1946 (go)
  - JaCoCo 1.1.0.898 (jacoco)
  - Kotlin Code Quality and Security 1.8.2.1946 (kotlin)
  - Mercurial 1.1.2 (scmmercurial)
  - T-SQL Code Quality and Security 1.5.0.3958 (tsql)
  - Apex Code Quality and Security 1.8.2.1946 (sonarapex)
  - JavaScript/TypeScript Code Quality and Security 7.3.0.15071 (javascript)
  - Ruby Code Quality and Security 1.8.2.1946 (ruby)
  - Vulnerability Rules for C# 8.9.0-M1.10592 (securitycsharpfrontend)
  - Vulnerability Rules for Java 8.9.0-M1.10592 (securityjavafrontend)
  - License for SonarLint 8.0.0.19196 (license)
  - Vulnerability Rules for JS 8.9.0-M1.10592 (securityjsfrontend)
  - COBOL Code Quality 4.6.1.4781 (cobol)
  - Vulnerability Rules for Python 8.9.0-M1.10592 (securitypythonfrontend)
  - Git 1.12.1.2064 (scmgit)
  - PHP Code Quality and Security 3.16.0.7320 (php)
  - ABAP Code Quality and Security 3.9.0.2739 (abap)
  - Vulnerability Rules for PHP 8.9.0-M1.10592 (securityphpfrontend)
Global server settings:
  - email.from=noreply@sonarcloud.io
  - email.fromName=SonarCloud
  - email.prefix=[SonarCloud]
  - sonar.auth.bitbucket.enabled=true
  - sonar.auth.microsoft.enabled=true
  - sonar.core.id=1BD809FA-AWHW8ct9-T_TB3XqouNu
  - sonar.core.serverBaseURL=https://sonarcloud.io
  - sonar.core.startTime=2021-04-13T09:40:45+0200
  - sonar.dbcleaner.weeksBeforeDeletingAllSnapshots=480
  - sonar.dbcleaner.weeksBeforeKeepingOnlyOneSnapshotByMonth=4
  - sonar.dbcleaner.weeksBeforeKeepingOnlyOneSnapshotByWeek=1
  - sonar.feature_flag.bbc_code_reports.enabled=true
  - sonar.lf.enableGravatar=true
  - sonar.lf.logoWidthPx=105
  - sonar.organizations.anyoneCanCreate=true
  - sonar.organizations.createPersonalOrg=true
  - sonar.plsql.file.suffixes=sql,tab,pkb
  - sonar.tsql.file.suffixes=.tsql
Project server settings:
Project scanner properties:
  - sonar.host.url=http://sonarcloud.io
  - sonar.java.binaries=D:/Libri/Università/Falessi/Repo/RepoFalessi2/MyRepoFalessi2/FalessiProg/bin/vir/ClassToExecute.class,D:/Libri/Università/Falessi/Repo/RepoFalessi2/MyRepoFalessi2/FalessiProg/bin/vir/ConstantsAndPaths.class,D:/Libri/Università/Falessi/Repo/RepoFalessi2/MyRepoFalessi2/FalessiProg/bin/vir/DB.class,D:/Libri/Università/Falessi/Repo/RepoFalessi2/MyRepoFalessi2/FalessiProg/bin/vir/FilesHandling.class,D:/Libri/Università/Falessi/Repo/RepoFalessi2/MyRepoFalessi2/FalessiProg/bin/vir/FilesHandling2.class,D:/Libri/Università/Falessi/Repo/RepoFalessi2/MyRepoFalessi2/FalessiProg/bin/vir/FilesHandling3.class,D:/Libri/Università/Falessi/Repo/RepoFalessi2/MyRepoFalessi2/FalessiProg/bin/vir/Proportion.class,D:/Libri/Università/Falessi/Repo/RepoFalessi2/MyRepoFalessi2/FalessiProg/bin/vir/Proportion2.class
  - sonar.organization=virgilio-conti-org
  - sonar.projectBaseDir=D:\Libri\Università\Falessi\Repo\RepoFalessi2\MyRepoFalessi2
  - sonar.projectKey=Virgilio-Conti-org_MyRepoFalessi2
  - sonar.scanner.app=ScannerCLI
  - sonar.scanner.appVersion=4.4.0.2170
  - sonar.sourceEncoding=windows-1252
  - sonar.sources=.
  - sonar.verbose=true
  - sonar.working.directory=D:\Libri\Università\Falessi\Repo\RepoFalessi2\MyRepoFalessi2\.scannerwork
